<?xml version="1.0" encoding="utf-8"?><testsuites><testsuite name="pytest" errors="0" failures="0" skipped="0" tests="10" time="0.042" timestamp="2024-09-12T13:10:23.490329-07:00" hostname="tri"><testcase classname="test_with_unittest.TryTesting" name="test_reversed" time="0.001" /><testcase classname="test_with_unittest.TryTesting" name="test_some_primes" time="0.001" /><testcase classname="test_with_unittest.TryTesting" name="test_uppercase" time="0.002" /><testcase classname="test_with_unittest" name="test_index[test_input0-5-0:1]" time="0.001" /><testcase classname="test_with_unittest" name="test_index[test_input1-5-0:2]" time="0.001" /><testcase classname="test_with_unittest" name="test_answer" time="0.001" /><testcase classname="test_with_unittest" name="test_cal" time="0.001" /><testcase classname="test_with_unittest" name="test_palin[kayak-True]" time="0.001" /><testcase classname="test_with_unittest" name="test_palin[bob-True]" time="0.002" /><testcase classname="test_with_unittest" name="test_palin[morning-False]" time="0.001" /></testsuite></testsuites>
